#
# A fatal error has been detected by the Java Runtime Environment:
#
#  Internal Error (classFileParser.cpp:3161), pid=2712, tid=7252
#  Error: ShouldNotReachHere()
#
# JRE version: 6.0_21-b06
# Java VM: Java HotSpot(TM) Client VM (17.0-b16 mixed mode windows-x86 )
# If you would like to submit a bug report, please visit:
#   http://java.sun.com/webapps/bugreport/crash.jsp
#

---------------  T H R E A D  ---------------

Current thread (0x01c09800):  JavaThread "Unknown thread" [_thread_in_vm, id=7252, stack(0x00390000,0x003e0000)]

Stack: [0x00390000,0x003e0000],  sp=0x003df880,  free space=13e003df890k
Native frames: (J=compiled Java code, j=interpreted, Vv=VM code, C=native code)
V  [jvm.dll+0x1fd090]
V  [jvm.dll+0xa47c9]
V  [jvm.dll+0x75f01]
V  [jvm.dll+0x775a4]
V  [jvm.dll+0x1cbcb5]
V  [jvm.dll+0x1cc3ed]
V  [jvm.dll+0x1cc7a5]
V  [jvm.dll+0x1cc7eb]
V  [jvm.dll+0x1cc912]
V  [jvm.dll+0x1cc98a]
V  [jvm.dll+0x1cce3d]
V  [jvm.dll+0x1cd252]
V  [jvm.dll+0x1eceb3]
V  [jvm.dll+0x1ed28c]
V  [jvm.dll+0xdb721]
V  [jvm.dll+0x1e6618]
V  [jvm.dll+0x1065d0]
C  [javaw.exe+0x1657]
C  [javaw.exe+0x1e2c]
C  [javaw.exe+0x8614]
C  [kernel32.dll+0x4ed6c]
C  [ntdll.dll+0x6377b]
C  [ntdll.dll+0x6374e]


---------------  P R O C E S S  ---------------

Java Threads: ( => current thread )

Other Threads:

=>0x01c09800 (exited) JavaThread "Unknown thread" [_thread_in_vm, id=7252, stack(0x00390000,0x003e0000)]

VM state:not at safepoint (not fully initialized)

VM Mutex/Monitor currently owned by a thread: None

Dynamic libraries:
0x00400000 - 0x00424000 	C:\Program Files\Java\jdk1.6.0_21\bin\javaw.exe
0x77b80000 - 0x77cbc000 	C:\windows\SYSTEM32\ntdll.dll
0x77820000 - 0x778f4000 	C:\windows\system32\kernel32.dll
0x75ea0000 - 0x75eeb000 	C:\windows\system32\KERNELBASE.dll
0x70b00000 - 0x70b3c000 	C:\Program Files\Alwil Software\Avast5\snxhk.dll
0x77550000 - 0x775f0000 	C:\windows\system32\ADVAPI32.dll
0x76400000 - 0x764ac000 	C:\windows\system32\msvcrt.dll
0x77cc0000 - 0x77cd9000 	C:\windows\SYSTEM32\sechost.dll
0x76350000 - 0x763f1000 	C:\windows\system32\RPCRT4.dll
0x77750000 - 0x77819000 	C:\windows\system32\USER32.dll
0x775f0000 - 0x7763e000 	C:\windows\system32\GDI32.dll
0x771a0000 - 0x771aa000 	C:\windows\system32\LPK.dll
0x77420000 - 0x774bd000 	C:\windows\system32\USP10.dll
0x77ce0000 - 0x77cff000 	C:\windows\system32\IMM32.DLL
0x771b0000 - 0x7727c000 	C:\windows\system32\MSCTF.dll
0x7c340000 - 0x7c396000 	C:\Program Files\Java\jdk1.6.0_21\jre\bin\msvcr71.dll
0x6d8b0000 - 0x6db57000 	C:\Program Files\Java\jdk1.6.0_21\jre\bin\client\jvm.dll
0x73960000 - 0x73992000 	C:\windows\system32\WINMM.dll
0x75c40000 - 0x75c8c000 	C:\windows\system32\apphelp.dll
0x6d860000 - 0x6d86c000 	C:\Program Files\Java\jdk1.6.0_21\jre\bin\verify.dll
0x6d3e0000 - 0x6d3ff000 	C:\Program Files\Java\jdk1.6.0_21\jre\bin\java.dll
0x6d340000 - 0x6d348000 	C:\Program Files\Java\jdk1.6.0_21\jre\bin\hpi.dll
0x76340000 - 0x76345000 	C:\windows\system32\PSAPI.DLL
0x6d8a0000 - 0x6d8af000 	C:\Program Files\Java\jdk1.6.0_21\jre\bin\zip.dll

VM Arguments:
jvm_args: -Dfile.encoding=UTF-8 -Xbootclasspath:D:\Android\android-sdk\platforms\android-16\android.jar 
java_command: com.example.zoo.TestJson
Launcher Type: SUN_STANDARD

Environment Variables:
JAVA_HOME=C:\Program Files\Java\jdk1.6.0_21
CLASSPATH=F:\jsp\tomcat\lib\jsp-api.jar;F:\jsp\tomcat\lib\el-api.jar;F:\jsp\tomcat\lib\servlet-api.jar;C:\Program Files\Java\jre\lib
PATH=C:/Program Files/Java/jdk1.6.0_21/bin/../jre/bin/client;C:/Program Files/Java/jdk1.6.0_21/bin/../jre/bin;C:/Program Files/Java/jdk1.6.0_21/bin/../jre/lib/i386;F:\Program Files\scicoslab-4.4.1\bin;C:\Program Files\Java\jdk1.6.0_21\bin;C:\Program Files\Java\jdk1.6.0_21\jre\bin;C:\Program Files\Common Files\Microsoft Shared\Windows Live;F:\ProgramFiles\PHP\;F:\ProgramFiles\ORACLE\product\11.2.0\client_1\bin;C:\windows\system32;C:\windows;C:\windows\System32\Wbem;C:\windows\System32\WindowsPowerShell\v1.0\;C:\Program Files\Common Files\Thunder Network\KanKan\Codecs;C:\Program Files\Windows7Master;C:\Program Files\MySQL\MySQL Server 5.5\bin;C:\Program Files\Windows Live\Shared;F:\Program Files\TortoiseSVN\bin;F:\Program Files\Bitvise Tunnelier;F:\jsp\tomcat\lib;F:\jsp\tomcat\lib\servlet-api.jar;F:\jsp\tomcat\lib\jsp-api.jar;D:\Program Files\TortoiseHg\;D:\javaEE\apache-maven-3.0.4\bin;F:\Program Files\Microsoft Visual Studio\Common\Tools\WinNT;F:\Program Files\Microsoft Visual Studio\Common\MSDev98\Bin;F:\Program Files\Microsoft Visual Studio\Common\Tools;F:\Program Files\Microsoft Visual Studio\VC98\bin;D:\Eclipse\eclipse;
USERNAME=LIU
OS=Windows_NT
PROCESSOR_IDENTIFIER=x86 Family 6 Model 23 Stepping 10, GenuineIntel



---------------  S Y S T E M  ---------------

OS: Windows 7 Build 7601 Service Pack 1

CPU:total 2 (2 cores per cpu, 1 threads per core) family 6 model 23 stepping 10, cmov, cx8, fxsr, mmx, sse, sse2, sse3, ssse3

Memory: 4k page, physical 2091624k(172136k free), swap 4490448k(1195384k free)

vm_info: Java HotSpot(TM) Client VM (17.0-b16) for windows-x86 JRE (1.6.0_21-b06), built on Jun 22 2010 00:56:49 by "java_re" with MS VC++ 7.1 (VS2003)

time: Fri Dec 21 00:46:50 2012
elapsed time: 0 seconds

